<?xml version="1.0" encoding="UTF-8"?>
<!-- Generated by org.testng.reporters.JUnitReportReporter -->
<testsuite hostname="DESKTOP-SOUGU29" failures="0" tests="1" name="ShyamAutomation.StandTestAlone" time="212.633" errors="0" timestamp="2023-12-19T19:24:36 IST" skipped="0">
  <testcase classname="ShyamAutomation.StandTestAlone" name="test" time="212.633"/>
</testsuite> <!-- ShyamAutomation.StandTestAlone -->
